# JRE version: OpenJDK Runtime Environment (17.0.6+10) (build 17.0.6+10-Ubuntu-0ubuntu122.04)
# Java VM: OpenJDK 64-Bit Server VM (17.0.6+10-Ubuntu-0ubuntu122.04, mixed mode, emulated-client, sharing, tiered, compressed oops, compressed class ptrs, g1 gc, linux-amd64)
GC Precious Log:
 CPUs: 8 total, 8 available
 Memory: 15808M
 Large Page Support: Disabled
 NUMA Support: Disabled
 Compressed Oops: Enabled (Zero based)
 Heap Region Size: 2M
 Heap Min Capacity: 8M
 Heap Initial Capacity: 248M
 Heap Max Capacity: 3954M
 Pre-touch: Disabled
 Parallel Workers: 8
 Concurrent Workers: 2
 Concurrent Refinement Workers: 8
 Periodic GC: Disabled
Heap:
 garbage-first heap   total 102400K, used 33821K [0x0000000708e00000, 0x0000000800000000)
  region size 2048K, 3 young (6144K), 1 survivors (2048K)
 Metaspace       used 70388K, committed 71104K, reserved 1114112K
  class space    used 10067K, committed 10432K, reserved 1048576K
GC Heap History (20 events):
Event: 156475,345 GC heap before
{Heap before GC invocations=120 (full 10):
 garbage-first heap   total 102400K, used 82985K [0x0000000708e00000, 0x0000000800000000)
  region size 2048K, 26 young (53248K), 1 survivors (2048K)
 Metaspace       used 70386K, committed 71104K, reserved 1114112K
  class space    used 10067K, committed 10432K, reserved 1048576K
}
Event: 156475,348 GC heap after
{Heap after GC invocations=121 (full 10):
 garbage-first heap   total 102400K, used 31767K [0x0000000708e00000, 0x0000000800000000)
  region size 2048K, 1 young (2048K), 1 survivors (2048K)
 Metaspace       used 70386K, committed 71104K, reserved 1114112K
  class space    used 10067K, committed 10432K, reserved 1048576K
}
Event: 158294,043 GC heap before
{Heap before GC invocations=121 (full 10):
 garbage-first heap   total 102400K, used 82967K [0x0000000708e00000, 0x0000000800000000)
  region size 2048K, 26 young (53248K), 1 survivors (2048K)
 Metaspace       used 70386K, committed 71104K, reserved 1114112K
  class space    used 10067K, committed 10432K, reserved 1048576K
}
Event: 158294,044 GC heap after
{Heap after GC invocations=122 (full 10):
 garbage-first heap   total 102400K, used 31743K [0x0000000708e00000, 0x0000000800000000)
  region size 2048K, 1 young (2048K), 1 survivors (2048K)
 Metaspace       used 70386K, committed 71104K, reserved 1114112K
  class space    used 10067K, committed 10432K, reserved 1048576K
}
Event: 160122,674 GC heap before
{Heap before GC invocations=122 (full 10):
 garbage-first heap   total 102400K, used 82943K [0x0000000708e00000, 0x0000000800000000)
  region size 2048K, 26 young (53248K), 1 survivors (2048K)
 Metaspace       used 70386K, committed 71104K, reserved 1114112K
  class space    used 10067K, committed 10432K, reserved 1048576K
}
Event: 160122,677 GC heap after
{Heap after GC invocations=123 (full 10):
 garbage-first heap   total 102400K, used 31764K [0x0000000708e00000, 0x0000000800000000)
  region size 2048K, 1 young (2048K), 1 survivors (2048K)
 Metaspace       used 70386K, committed 71104K, reserved 1114112K
  class space    used 10067K, committed 10432K, reserved 1048576K
}
Event: 161971,690 GC heap before
{Heap before GC invocations=123 (full 10):
 garbage-first heap   total 102400K, used 82964K [0x0000000708e00000, 0x0000000800000000)
  region size 2048K, 26 young (53248K), 1 survivors (2048K)
 Metaspace       used 70386K, committed 71104K, reserved 1114112K
  class space    used 10067K, committed 10432K, reserved 1048576K
}
Event: 161971,695 GC heap after
{Heap after GC invocations=124 (full 10):
 garbage-first heap   total 102400K, used 31772K [0x0000000708e00000, 0x0000000800000000)
  region size 2048K, 1 young (2048K), 1 survivors (2048K)
 Metaspace       used 70386K, committed 71104K, reserved 1114112K
  class space    used 10067K, committed 10432K, reserved 1048576K
}
Event: 163821,846 GC heap before
{Heap before GC invocations=124 (full 10):
 garbage-first heap   total 102400K, used 82972K [0x0000000708e00000, 0x0000000800000000)
  region size 2048K, 26 young (53248K), 1 survivors (2048K)
 Metaspace       used 70386K, committed 71104K, reserved 1114112K
  class space    used 10067K, committed 10432K, reserved 1048576K
}
Event: 163821,908 GC heap after
{Heap after GC invocations=125 (full 10):
 garbage-first heap   total 102400K, used 31724K [0x0000000708e00000, 0x0000000800000000)
  region size 2048K, 1 young (2048K), 1 survivors (2048K)
 Metaspace       used 70386K, committed 71104K, reserved 1114112K
  class space    used 10067K, committed 10432K, reserved 1048576K
}
Event: 165639,044 GC heap before
{Heap before GC invocations=125 (full 10):
 garbage-first heap   total 102400K, used 82924K [0x0000000708e00000, 0x0000000800000000)
  region size 2048K, 26 young (53248K), 1 survivors (2048K)
 Metaspace       used 70386K, committed 71104K, reserved 1114112K
  class space    used 10067K, committed 10432K, reserved 1048576K
}
Event: 165639,068 GC heap after
{Heap after GC invocations=126 (full 10):
 garbage-first heap   total 102400K, used 31784K [0x0000000708e00000, 0x0000000800000000)
  region size 2048K, 1 young (2048K), 1 survivors (2048K)
 Metaspace       used 70386K, committed 71104K, reserved 1114112K
  class space    used 10067K, committed 10432K, reserved 1048576K
}
Event: 167484,171 GC heap before
{Heap before GC invocations=126 (full 10):
 garbage-first heap   total 102400K, used 82984K [0x0000000708e00000, 0x0000000800000000)
  region size 2048K, 26 young (53248K), 1 survivors (2048K)
 Metaspace       used 70386K, committed 71104K, reserved 1114112K
  class space    used 10067K, committed 10432K, reserved 1048576K
}
Event: 167484,177 GC heap after
{Heap after GC invocations=127 (full 10):
 garbage-first heap   total 102400K, used 31741K [0x0000000708e00000, 0x0000000800000000)
  region size 2048K, 1 young (2048K), 1 survivors (2048K)
 Metaspace       used 70386K, committed 71104K, reserved 1114112K
  class space    used 10067K, committed 10432K, reserved 1048576K
}
Event: 169311,043 GC heap before
{Heap before GC invocations=127 (full 10):
 garbage-first heap   total 102400K, used 82941K [0x0000000708e00000, 0x0000000800000000)
  region size 2048K, 26 young (53248K), 1 survivors (2048K)
 Metaspace       used 70386K, committed 71104K, reserved 1114112K
  class space    used 10067K, committed 10432K, reserved 1048576K
}
Event: 169311,052 GC heap after
{Heap after GC invocations=128 (full 10):
 garbage-first heap   total 102400K, used 31721K [0x0000000708e00000, 0x0000000800000000)
  region size 2048K, 1 young (2048K), 1 survivors (2048K)
 Metaspace       used 70386K, committed 71104K, reserved 1114112K
  class space    used 10067K, committed 10432K, reserved 1048576K
}
Event: 171140,284 GC heap before
{Heap before GC invocations=128 (full 10):
 garbage-first heap   total 102400K, used 82921K [0x0000000708e00000, 0x0000000800000000)
  region size 2048K, 26 young (53248K), 1 survivors (2048K)
 Metaspace       used 70386K, committed 71104K, reserved 1114112K
  class space    used 10067K, committed 10432K, reserved 1048576K
}
Event: 171140,304 GC heap after
{Heap after GC invocations=129 (full 10):
 garbage-first heap   total 102400K, used 31790K [0x0000000708e00000, 0x0000000800000000)
  region size 2048K, 1 young (2048K), 1 survivors (2048K)
 Metaspace       used 70386K, committed 71104K, reserved 1114112K
  class space    used 10067K, committed 10432K, reserved 1048576K
}
Event: 172962,043 GC heap before
{Heap before GC invocations=129 (full 10):
 garbage-first heap   total 102400K, used 82990K [0x0000000708e00000, 0x0000000800000000)
  region size 2048K, 26 young (53248K), 1 survivors (2048K)
 Metaspace       used 70386K, committed 71104K, reserved 1114112K
  class space    used 10067K, committed 10432K, reserved 1048576K
}
Event: 172962,054 GC heap after
{Heap after GC invocations=130 (full 10):
 garbage-first heap   total 102400K, used 31773K [0x0000000708e00000, 0x0000000800000000)
  region size 2048K, 1 young (2048K), 1 survivors (2048K)
 Metaspace       used 70386K, committed 71104K, reserved 1114112K
  class space    used 10067K, committed 10432K, reserved 1048576K
}

